Started GET "/" for 127.0.0.1 at 2019-07-30 08:49:52 +0700
Processing by Rails::WelcomeController#index as HTML
  Rendering /home/hoadt/.rbenv/versions/2.6.3/lib/ruby/gems/2.6.0/gems/railties-5.2.3/lib/rails/templates/rails/welcome/index.html.erb
  Rendered /home/hoadt/.rbenv/versions/2.6.3/lib/ruby/gems/2.6.0/gems/railties-5.2.3/lib/rails/templates/rails/welcome/index.html.erb (9.3ms)
Completed 200 OK in 32ms (Views: 23.1ms | ActiveRecord: 0.0ms)


Started GET "/" for 127.0.0.1 at 2019-07-30 09:20:56 +0700
Processing by Rails::WelcomeController#index as HTML
  Rendering /home/hoadt/.rbenv/versions/2.6.3/lib/ruby/gems/2.6.0/gems/railties-5.2.3/lib/rails/templates/rails/welcome/index.html.erb
  Rendered /home/hoadt/.rbenv/versions/2.6.3/lib/ruby/gems/2.6.0/gems/railties-5.2.3/lib/rails/templates/rails/welcome/index.html.erb (4.5ms)
Completed 200 OK in 9ms (Views: 7.1ms | ActiveRecord: 0.0ms)


Started GET "/" for 127.0.0.1 at 2019-07-30 09:21:19 +0700
Processing by StaticPagesController#home as HTML
  Rendering static_pages/home.html.erb within layouts/application
  Rendered static_pages/home.html.erb within layouts/application (0.3ms)
Completed 200 OK in 2010ms (Views: 2009.5ms | ActiveRecord: 0.0ms)


Started GET "/" for 127.0.0.1 at 2019-07-30 09:31:36 +0700
Processing by StaticPagesController#home as HTML
  Rendering static_pages/home.html.erb
  Rendered static_pages/home.html.erb (1.9ms)
Completed 200 OK in 14ms (Views: 10.1ms | ActiveRecord: 0.0ms)


Started GET "/" for 127.0.0.1 at 2019-07-30 09:34:52 +0700
Processing by StaticPagesController#home as HTML
  Rendering static_pages/home.html.erb
  Rendered static_pages/home.html.erb (1.9ms)
Completed 200 OK in 12ms (Views: 7.9ms | ActiveRecord: 0.0ms)


Started GET "/about" for 127.0.0.1 at 2019-07-30 09:37:32 +0700
  
ActionController::RoutingError (No route matches [GET] "/about"):
  
actionpack (5.2.3) lib/action_dispatch/middleware/debug_exceptions.rb:65:in `call'
web-console (3.7.0) lib/web_console/middleware.rb:135:in `call_app'
web-console (3.7.0) lib/web_console/middleware.rb:30:in `block in call'
web-console (3.7.0) lib/web_console/middleware.rb:20:in `catch'
web-console (3.7.0) lib/web_console/middleware.rb:20:in `call'
actionpack (5.2.3) lib/action_dispatch/middleware/show_exceptions.rb:33:in `call'
railties (5.2.3) lib/rails/rack/logger.rb:38:in `call_app'
railties (5.2.3) lib/rails/rack/logger.rb:26:in `block in call'
activesupport (5.2.3) lib/active_support/tagged_logging.rb:71:in `block in tagged'
activesupport (5.2.3) lib/active_support/tagged_logging.rb:28:in `tagged'
activesupport (5.2.3) lib/active_support/tagged_logging.rb:71:in `tagged'
railties (5.2.3) lib/rails/rack/logger.rb:26:in `call'
sprockets-rails (3.2.1) lib/sprockets/rails/quiet_assets.rb:13:in `call'
actionpack (5.2.3) lib/action_dispatch/middleware/remote_ip.rb:81:in `call'
actionpack (5.2.3) lib/action_dispatch/middleware/request_id.rb:27:in `call'
rack (2.0.7) lib/rack/method_override.rb:22:in `call'
rack (2.0.7) lib/rack/runtime.rb:22:in `call'
activesupport (5.2.3) lib/active_support/cache/strategy/local_cache_middleware.rb:29:in `call'
actionpack (5.2.3) lib/action_dispatch/middleware/executor.rb:14:in `call'
actionpack (5.2.3) lib/action_dispatch/middleware/static.rb:127:in `call'
rack (2.0.7) lib/rack/sendfile.rb:111:in `call'
railties (5.2.3) lib/rails/engine.rb:524:in `call'
puma (3.12.1) lib/puma/configuration.rb:227:in `call'
puma (3.12.1) lib/puma/server.rb:660:in `handle_request'
puma (3.12.1) lib/puma/server.rb:474:in `process_client'
puma (3.12.1) lib/puma/server.rb:334:in `block in run'
puma (3.12.1) lib/puma/thread_pool.rb:135:in `block in spawn_thread'
Started GET "/static_pages/about" for 127.0.0.1 at 2019-07-30 09:37:46 +0700
  
ActionController::RoutingError (No route matches [GET] "/static_pages/about"):
  
actionpack (5.2.3) lib/action_dispatch/middleware/debug_exceptions.rb:65:in `call'
web-console (3.7.0) lib/web_console/middleware.rb:135:in `call_app'
web-console (3.7.0) lib/web_console/middleware.rb:30:in `block in call'
web-console (3.7.0) lib/web_console/middleware.rb:20:in `catch'
web-console (3.7.0) lib/web_console/middleware.rb:20:in `call'
actionpack (5.2.3) lib/action_dispatch/middleware/show_exceptions.rb:33:in `call'
railties (5.2.3) lib/rails/rack/logger.rb:38:in `call_app'
railties (5.2.3) lib/rails/rack/logger.rb:26:in `block in call'
activesupport (5.2.3) lib/active_support/tagged_logging.rb:71:in `block in tagged'
activesupport (5.2.3) lib/active_support/tagged_logging.rb:28:in `tagged'
activesupport (5.2.3) lib/active_support/tagged_logging.rb:71:in `tagged'
railties (5.2.3) lib/rails/rack/logger.rb:26:in `call'
sprockets-rails (3.2.1) lib/sprockets/rails/quiet_assets.rb:13:in `call'
actionpack (5.2.3) lib/action_dispatch/middleware/remote_ip.rb:81:in `call'
actionpack (5.2.3) lib/action_dispatch/middleware/request_id.rb:27:in `call'
rack (2.0.7) lib/rack/method_override.rb:22:in `call'
rack (2.0.7) lib/rack/runtime.rb:22:in `call'
activesupport (5.2.3) lib/active_support/cache/strategy/local_cache_middleware.rb:29:in `call'
actionpack (5.2.3) lib/action_dispatch/middleware/executor.rb:14:in `call'
actionpack (5.2.3) lib/action_dispatch/middleware/static.rb:127:in `call'
rack (2.0.7) lib/rack/sendfile.rb:111:in `call'
railties (5.2.3) lib/rails/engine.rb:524:in `call'
puma (3.12.1) lib/puma/configuration.rb:227:in `call'
puma (3.12.1) lib/puma/server.rb:660:in `handle_request'
puma (3.12.1) lib/puma/server.rb:474:in `process_client'
puma (3.12.1) lib/puma/server.rb:334:in `block in run'
puma (3.12.1) lib/puma/thread_pool.rb:135:in `block in spawn_thread'
Started GET "/" for 127.0.0.1 at 2019-07-30 09:43:34 +0700
Processing by StaticPagesController#home as HTML
  Rendering static_pages/home.html.erb within layouts/application
  Rendered static_pages/home.html.erb within layouts/application (0.4ms)
Completed 200 OK in 125ms (Views: 123.8ms | ActiveRecord: 0.0ms)


Started GET "/" for 127.0.0.1 at 2019-07-30 10:38:32 +0700
Processing by StaticPagesController#home as HTML
  Rendering static_pages/home.html.erb within layouts/application
  Rendered static_pages/home.html.erb within layouts/application (1.2ms)
Completed 500 Internal Server Error in 39ms (ActiveRecord: 0.0ms)


  
ActionView::Template::Error (Missing partial layouts/_rails_default with {:locale=>[:en], :formats=>[:html], :variants=>[], :handlers=>[:raw, :erb, :html, :builder, :ruby, :coffee, :jbuilder]}. Searched in:
  * "/home/hoadt/rubyedu/book-reviewing/app/views"
):
    2: <html>
    3:   <head>
    4:     <title><%= full_title(yield(:title)) %></title>
    5:     <%= render 'layouts/rails_default' %>
    6:     <%= render 'layouts/shim' %>
    7:   </head>
    8:   <body>
  
app/views/layouts/application.html.erb:5:in `_app_views_layouts_application_html_erb__3486847198186786918_70331509436500'
Started GET "/" for 127.0.0.1 at 2019-07-30 10:41:32 +0700
Processing by StaticPagesController#home as HTML
  Rendering static_pages/home.html.erb within layouts/application
  Rendered static_pages/home.html.erb within layouts/application (1.7ms)
  Rendered layouts/_rails_default.html.erb (316.2ms)
Completed 500 Internal Server Error in 331ms (ActiveRecord: 0.0ms)


  
ActionView::Template::Error (File to import not found or unreadable: bootstrap-sprockets.
Load paths:
  /home/hoadt/rubyedu/book-reviewing/app/assets/config
  /home/hoadt/rubyedu/book-reviewing/app/assets/images
  /home/hoadt/rubyedu/book-reviewing/app/assets/javascripts
  /home/hoadt/rubyedu/book-reviewing/app/assets/stylesheets
  /home/hoadt/.rbenv/versions/2.6.3/lib/ruby/gems/2.6.0/gems/coffee-rails-4.2.2/lib/assets/javascripts
  /home/hoadt/.rbenv/versions/2.6.3/lib/ruby/gems/2.6.0/gems/actioncable-5.2.3/lib/assets/compiled
  /home/hoadt/.rbenv/versions/2.6.3/lib/ruby/gems/2.6.0/gems/activestorage-5.2.3/app/assets/javascripts
  /home/hoadt/.rbenv/versions/2.6.3/lib/ruby/gems/2.6.0/gems/actionview-5.2.3/lib/assets/compiled
  /home/hoadt/.rbenv/versions/2.6.3/lib/ruby/gems/2.6.0/gems/turbolinks-source-5.2.0/lib/assets/javascripts
  /home/hoadt/rubyedu/book-reviewing/node_modules):
    1: <%= csrf_meta_tags %>
    2: <%= stylesheet_link_tag "application", media: "all", "data-turbolinks-track": "reload" %>
    3: <%= javascript_include_tag "application", "data-turbolinks-track": "reload" %>
  
app/assets/stylesheets/custom.scss:1
app/views/layouts/_rails_default.html.erb:2:in `_app_views_layouts__rails_default_html_erb__4545655075687089561_70331431701340'
app/views/layouts/application.html.erb:5:in `_app_views_layouts_application_html_erb__3486847198186786918_70331431966500'
Started GET "/" for 127.0.0.1 at 2019-07-30 10:41:57 +0700
Processing by StaticPagesController#home as HTML
  Rendering static_pages/home.html.erb within layouts/application
  Rendered static_pages/home.html.erb within layouts/application (0.5ms)
  Rendered layouts/_rails_default.html.erb (346.2ms)
  Rendered layouts/_shim.html.erb (0.2ms)
  Rendered layouts/_header.html.erb (0.3ms)
  Rendered layouts/_footer.html.erb (0.2ms)
Completed 200 OK in 353ms (Views: 351.7ms | ActiveRecord: 0.0ms)


Started GET "/" for 127.0.0.1 at 2019-07-30 10:42:04 +0700
Processing by StaticPagesController#home as HTML
  Rendering static_pages/home.html.erb within layouts/application
  Rendered static_pages/home.html.erb within layouts/application (0.6ms)
  Rendered layouts/_rails_default.html.erb (30.5ms)
  Rendered layouts/_shim.html.erb (0.2ms)
  Rendered layouts/_header.html.erb (0.3ms)
  Rendered layouts/_footer.html.erb (0.2ms)
Completed 200 OK in 37ms (Views: 36.0ms | ActiveRecord: 0.0ms)


Started GET "/" for 127.0.0.1 at 2019-07-30 10:42:08 +0700
Processing by StaticPagesController#home as HTML
  Rendering static_pages/home.html.erb within layouts/application
  Rendered static_pages/home.html.erb within layouts/application (0.6ms)
  Rendered layouts/_rails_default.html.erb (17.3ms)
  Rendered layouts/_shim.html.erb (0.2ms)
  Rendered layouts/_header.html.erb (0.3ms)
  Rendered layouts/_footer.html.erb (0.2ms)
Completed 200 OK in 24ms (Views: 23.3ms | ActiveRecord: 0.0ms)


Started GET "/" for 127.0.0.1 at 2019-07-30 10:42:14 +0700
Processing by StaticPagesController#home as HTML
  Rendering static_pages/home.html.erb within layouts/application
  Rendered static_pages/home.html.erb within layouts/application (1.2ms)
  Rendered layouts/_rails_default.html.erb (19.6ms)
  Rendered layouts/_shim.html.erb (0.6ms)
  Rendered layouts/_header.html.erb (0.7ms)
  Rendered layouts/_footer.html.erb (0.6ms)
Completed 200 OK in 40ms (Views: 35.4ms | ActiveRecord: 0.0ms)


Started GET "/" for 127.0.0.1 at 2019-07-30 10:50:00 +0700
Processing by StaticPagesController#home as HTML
  Rendering static_pages/home.html.erb within layouts/application
  Rendered static_pages/home.html.erb within layouts/application (0.3ms)
  Rendered layouts/_rails_default.html.erb (13.1ms)
  Rendered layouts/_shim.html.erb (0.2ms)
  Rendered layouts/_header.html.erb (0.5ms)
  Rendered layouts/_footer.html.erb (0.3ms)
Completed 200 OK in 18ms (Views: 17.5ms | ActiveRecord: 0.0ms)


Started GET "/help" for 127.0.0.1 at 2019-07-30 10:50:02 +0700
Processing by StaticPagesController#help as HTML
  Rendering static_pages/help.html.erb within layouts/application
  Rendered static_pages/help.html.erb within layouts/application (1.7ms)
  Rendered layouts/_rails_default.html.erb (33.8ms)
  Rendered layouts/_shim.html.erb (0.3ms)
  Rendered layouts/_header.html.erb (0.6ms)
  Rendered layouts/_footer.html.erb (0.5ms)
Completed 200 OK in 78ms (Views: 49.3ms | ActiveRecord: 0.0ms)


Started GET "/help" for 127.0.0.1 at 2019-07-30 10:50:04 +0700
Processing by StaticPagesController#help as HTML
  Rendering static_pages/help.html.erb within layouts/application
  Rendered static_pages/help.html.erb within layouts/application (1.5ms)
  Rendered layouts/_rails_default.html.erb (29.1ms)
  Rendered layouts/_shim.html.erb (0.5ms)
  Rendered layouts/_header.html.erb (0.6ms)
  Rendered layouts/_footer.html.erb (0.3ms)
Completed 200 OK in 46ms (Views: 42.4ms | ActiveRecord: 0.0ms)


Started GET "/" for 127.0.0.1 at 2019-07-30 10:50:06 +0700
Processing by StaticPagesController#home as HTML
  Rendering static_pages/home.html.erb within layouts/application
  Rendered static_pages/home.html.erb within layouts/application (2.0ms)
  Rendered layouts/_rails_default.html.erb (53.4ms)
  Rendered layouts/_shim.html.erb (0.6ms)
  Rendered layouts/_header.html.erb (0.9ms)
  Rendered layouts/_footer.html.erb (0.4ms)
Completed 200 OK in 77ms (Views: 73.2ms | ActiveRecord: 0.0ms)


Started GET "/help" for 127.0.0.1 at 2019-07-30 10:50:07 +0700
Processing by StaticPagesController#help as HTML
  Rendering static_pages/help.html.erb within layouts/application
  Rendered static_pages/help.html.erb within layouts/application (2.0ms)
  Rendered layouts/_rails_default.html.erb (57.6ms)
  Rendered layouts/_shim.html.erb (0.6ms)
  Rendered layouts/_header.html.erb (3.3ms)
  Rendered layouts/_footer.html.erb (0.8ms)
Completed 200 OK in 88ms (Views: 84.3ms | ActiveRecord: 0.0ms)


Started GET "/help" for 127.0.0.1 at 2019-07-30 10:50:09 +0700
Processing by StaticPagesController#help as HTML
  Rendering static_pages/help.html.erb within layouts/application
  Rendered static_pages/help.html.erb within layouts/application (0.8ms)
  Rendered layouts/_rails_default.html.erb (25.7ms)
  Rendered layouts/_shim.html.erb (1.1ms)
  Rendered layouts/_header.html.erb (1.6ms)
  Rendered layouts/_footer.html.erb (1.2ms)
Completed 200 OK in 42ms (Views: 40.0ms | ActiveRecord: 0.0ms)


Started GET "/help" for 127.0.0.1 at 2019-07-30 10:50:10 +0700
Processing by StaticPagesController#help as HTML
  Rendering static_pages/help.html.erb within layouts/application
  Rendered static_pages/help.html.erb within layouts/application (0.3ms)
  Rendered layouts/_rails_default.html.erb (21.6ms)
  Rendered layouts/_shim.html.erb (0.4ms)
  Rendered layouts/_header.html.erb (0.5ms)
  Rendered layouts/_footer.html.erb (0.3ms)
Completed 200 OK in 29ms (Views: 27.7ms | ActiveRecord: 0.0ms)


Started GET "/help" for 127.0.0.1 at 2019-07-30 10:50:10 +0700
Processing by StaticPagesController#help as HTML
  Rendering static_pages/help.html.erb within layouts/application
  Rendered static_pages/help.html.erb within layouts/application (1.8ms)
  Rendered layouts/_rails_default.html.erb (77.2ms)
  Rendered layouts/_shim.html.erb (0.4ms)
  Rendered layouts/_header.html.erb (0.8ms)
  Rendered layouts/_footer.html.erb (0.9ms)
Completed 200 OK in 97ms (Views: 93.6ms | ActiveRecord: 0.0ms)


Started GET "/about" for 127.0.0.1 at 2019-07-30 10:50:11 +0700
Processing by StaticPagesController#about as HTML
  Rendering static_pages/about.html.erb within layouts/application
  Rendered static_pages/about.html.erb within layouts/application (0.7ms)
  Rendered layouts/_rails_default.html.erb (19.8ms)
  Rendered layouts/_shim.html.erb (0.3ms)
  Rendered layouts/_header.html.erb (0.6ms)
  Rendered layouts/_footer.html.erb (0.4ms)
Completed 200 OK in 36ms (Views: 32.6ms | ActiveRecord: 0.0ms)


Started GET "/" for 127.0.0.1 at 2019-07-30 10:50:13 +0700
Processing by StaticPagesController#home as HTML
  Rendering static_pages/home.html.erb within layouts/application
  Rendered static_pages/home.html.erb within layouts/application (2.4ms)
  Rendered layouts/_rails_default.html.erb (89.8ms)
  Rendered layouts/_shim.html.erb (0.2ms)
  Rendered layouts/_header.html.erb (0.7ms)
  Rendered layouts/_footer.html.erb (0.4ms)
Completed 200 OK in 113ms (Views: 108.1ms | ActiveRecord: 0.0ms)


Started GET "/" for 127.0.0.1 at 2019-07-30 10:53:58 +0700
Processing by StaticPagesController#home as HTML
  Rendering static_pages/home.html.erb within layouts/application
  Rendered static_pages/home.html.erb within layouts/application (0.3ms)
  Rendered layouts/_rails_default.html.erb (34.2ms)
  Rendered layouts/_shim.html.erb (0.2ms)
  Rendered layouts/_header.html.erb (0.4ms)
  Rendered layouts/_footer.html.erb (0.2ms)
Completed 200 OK in 39ms (Views: 38.2ms | ActiveRecord: 0.0ms)


Started GET "/" for 127.0.0.1 at 2019-07-30 10:53:59 +0700
Processing by StaticPagesController#home as HTML
  Rendering static_pages/home.html.erb within layouts/application
  Rendered static_pages/home.html.erb within layouts/application (0.8ms)
  Rendered layouts/_rails_default.html.erb (13.1ms)
  Rendered layouts/_shim.html.erb (0.2ms)
  Rendered layouts/_header.html.erb (0.4ms)
  Rendered layouts/_footer.html.erb (0.4ms)
Completed 200 OK in 22ms (Views: 20.5ms | ActiveRecord: 0.0ms)


